This is METAFONT, Version 2.718 (C version 6.1) (base=mf 97.10.22)  14 FEB 1998 19:55
**\mode=localfont; mag=0.5; input fselch9.mf
(fselch9.mf (fselch.mf (chbase.mf) (blackfield.mf [144]) (pawn.mf [0] [36]
[72] [108] [12] [48] [84] [120] [6] [42] [78] [114] [18] [54] [90] [126]
[24] [60] [96] [132] [30] [66] [102] [138]) (knight.mf [1] [37] [73] [109]
[19] [55] [91] [127] [7] [43] [79] [115] [25] [61] [97] [133] [13] [49]
[85] [121] [31] [67] [103] [139]) (queen.mf
>> (4.5,27)
>> (32.5,27) [4] [40] [76] [112] [16] [52] [88] [124] [10] [46] [82] [118]
[22] [58] [94] [130] [28] [64] [100] [136] [34] [70] [106] [142]) (king.mf
> 0 SSW 1 (WSW WNW NNW) NNE 2 NNW WNW 3 WSW SSW SSE 4 0
! Strange path (turning number is zero).
<to be read again> 
                   ;
MakeOuterShape->...Path;filldraw.HeartPath..cycle;
                                                  cullit;OuterShape:=current...
l.146 MakeOuterShape
                    ;
? 
[5] [41] [77] [113] [23] [59] [95] [131] [11] [47] [83] [119] [29] [65]
[101] [137] [17] [53] [89] [125] [35] [71] [107] [143]) (bishop.mf [2] [38]
[74] [110] [14] [50] [86] [122] [8] [44] [80] [116] [20] [56] [92] [128]
[26] [62] [98] [134] [32] [68] [104] [140]) (rook.mf [3] [39] [75] [111]
[15] [51] [87] [123] [9] [45] [81] [117] [21] [57] [93] [129] [27] [63]
[99] [135] [33] [69] [105] [141]) (geo.mf [145] [157] [151] [163] [169]
[175])) )
Font metrics written on fselch9.tfm.
Output written on fselch9.300gf (151 characters, 53108 bytes).
