This is METAFONT, Version 2.718 (Web2C 7.2) (base=mf 1998.10.11)  25 FEB 1999 16:51
**\mode=localfont; mag=1.0; input fselch20.mf
(fselch20.mf (fselch.mf (chbase.mf) (blackfield.mf [144]) (pawn.mf [0] [36]
[72] [108] [12] [48] [84] [120] [6] [42] [78] [114] [18] [54] [90] [126]
[24] [60] [96] [132] [30] [66] [102] [138]) (knight.mf [1] [37] [73] [109]
[19] [55] [91] [127] [7] [43] [79] [115] [25] [61] [97] [133] [13] [49]
[85] [121] [31] [67] [103] [139]
! A statement can't begin with `:'.
<to be read again> 
                   :
l.451 :
       !mf chess^^V
? 
! Extra tokens will be flushed.
<to be read again> 
                   :
l.451 :
       !mf chess^^V
? 
! Text line contains an invalid character.
l.451 :!mf chess^^V
                   
? 
)
! File ended while scanning to the end of the statement.
<inserted text> 
                ;
l.52 pickup chess_pen; input knight.mf
                                      ;
? 
(queen.mf
>> (9,59)
>> (73,59) [4] [40] [76] [112] [16] [52] [88] [124] [10] [46] [82] [118]
[22] [58] [94] [130] [28] [64] [100] [136] [34] [70] [106] [142]) (king.mf
[5] [41] [77] [113] [23] [59] [95] [131] [11] [47] [83] [119] [29] [65]
[101] [137] [17] [53] [89] [125] [35] [71] [107] [143]
! A statement can't begin with `:'.
<to be read again> 
                   :
l.343 :
       !mf chess^^V
? 
! Extra tokens will be flushed.
<to be read again> 
                   :
l.343 :
       !mf chess^^V
? 
! Text line contains an invalid character.
l.343 :!mf chess^^V
                   
? 
)
! File ended while scanning to the end of the statement.
<inserted text> 
                ;
l.54 pickup chess_pen; input king.mf
                                    ;
? 
(bishop.mf [2] [38] [74] [110] [14] [50] [86] [122] [8] [44] [80] [116]
[20] [56] [92] [128] [26] [62] [98] [134] [32] [68] [104] [140]
! A statement can't begin with `:'.
<to be read again> 
                   :
l.315 :
       !mf chess^^V
? 
! Extra tokens will be flushed.
<to be read again> 
                   :
l.315 :
       !mf chess^^V
? 
! Text line contains an invalid character.
l.315 :!mf chess^^V
                   
? 
! Text line contains an invalid character.
l.316 ^^V
         
? 
)
! File ended while scanning to the end of the statement.
<inserted text> 
                ;
l.55 pickup chess_pen; input bishop.mf
                                      ;
? 
(rook.mf [3] [39] [75] [111] [15] [51] [87] [123] [9] [45] [81] [117] [21]
[57] [93] [129] [27] [63] [99] [135] [33] [69] [105] [141]) (geo.mf [145]
[157] [151] [163] [169] [175])) )
Font metrics written on fselch20.tfm.
Output written on fselch20.300gf (151 characters, 117484 bytes).
