This is TeX, Version 3.1415 (C version 6.1) (format=plain 95.1.3)  26 MAY 1995 10:35
**fsdiag.engl.tex
(fsdiag.engl.tex (fselch.tex
\boardnumber=\count26
\solnumber=\count27
\whitecnt=\count28
\blackcnt=\count29
\neutrcnt=\count30
\remwidth=\dimen16
\itmwidth=\dimen17
\itmspace=\dimen18
\remspace=\dimen19
\scratch=\dimen20
\bdwidth=\dimen21
\authorskip=\dimen22
\remskip=\dimen23
\sqbx=\box16
\stipbx=\box17
\rembox=\box18
\condbx=\box19
\figcntbx=\box20
\authorbox=\box21
\origbox=\box22
\dedicbox=\box23
\tmpbx=\box24
\solfd=\write0
\etocfd=\write1
)
Underfull \vbox (badness 10000) has occurred while \output is active
\vbox(643.20255+4.0)x115.99994
.\glue(\topskip) 0.0
.\vbox(124.73326+14.59998)x115.99994
..\hbox(124.73326+0.0)x115.99994
...\vbox(124.73326+0.0)x115.99994 []
..\glue(\lineskip) 1.0
..\hbox(8.19998+2.4)x84.63292
...\vbox(8.19998+2.4)x84.63292 []
..\glue 2.0
..\glue(\lineskip) 1.0
..etc.
.\glue(\lineskip) 1.0
.\vbox(144.53325+14.59998)x115.99994
..\hbox(144.53325+0.0)x115.99994
...\vbox(144.53325+0.0)x115.99994 []
..\glue(\lineskip) 1.0
..\hbox(8.19998+2.4)x84.63292
...\vbox(8.19998+2.4)x84.63292 []
..\glue 2.0
..\glue(\lineskip) 1.0
..etc.
.\glue(\lineskip) 1.0
.etc.

 [1]
[2] )
Output written on fsdiag.engl.dvi (2 pages, 1844 bytes).
